TN:
SF:script/DeploySendEarn.s.sol
DA:12,0
FN:12,DeploySendEarnScript.run
FNDA:0,DeploySendEarnScript.run
DA:13,0
DA:14,0
DA:15,0
DA:16,0
DA:17,0
DA:18,0
DA:20,0
DA:21,0
DA:22,0
DA:24,0
FNF:1
FNH:0
LF:11
LH:0
BRF:0
BRH:0
end_of_record
TN:
SF:src/Platform.sol
DA:41,8135
FN:41,Platform.constructor
FNDA:8135,Platform.constructor
DA:42,8135
BRDA:42,0,0,1
DA:43,1
DA:45,8134
DA:52,2010
FN:52,Platform.setPlatform
FNDA:2010,Platform.setPlatform
DA:53,2008
BRDA:53,1,0,-
DA:54,2008
DA:55,2006
DA:65,2009
FN:65,Platform.transferOwnership
FNDA:2009,Platform.transferOwnership
DA:66,2007
BRDA:66,2,0,-
DA:67,2007
DA:68,2007
DA:74,4013
FN:74,Platform.pendingOwner
FNDA:4013,Platform.pendingOwner
DA:75,6019
DA:81,2006
FN:81,Platform.acceptOwnership
FNDA:2006,Platform.acceptOwnership
DA:82,2006
DA:83,2006
BRDA:83,3,0,1
DA:84,1
DA:86,2005
DA:87,2005
DA:95,10236
FN:95,Platform.platform
FNDA:10236,Platform.platform
DA:96,40327
DA:101,10142
FN:101,Platform._setPlatform
FNDA:10142,Platform._setPlatform
DA:102,10142
BRDA:102,4,0,-
DA:103,10142
BRDA:103,5,0,2
DA:105,10140
DA:107,10140
DA:112,2010
FN:112,Platform.onlyPlatform
FNDA:2010,Platform.onlyPlatform
DA:113,2010
BRDA:113,6,0,2
FNF:8
FNH:8
LF:29
LH:29
BRF:7
BRH:4
end_of_record
TN:
SF:src/SendEarn.sol
DA:60,8106
FN:60,SendEarn.constructor
FNDA:8106,SendEarn.constructor
DA:71,8106
BRDA:71,0,0,-
DA:72,8106
BRDA:72,1,0,7103
DA:73,8106
BRDA:73,2,0,7103
DA:74,8106
BRDA:74,3,0,-
DA:75,8106
BRDA:75,4,0,-
DA:76,0
DA:78,8106
DA:79,8106
DA:80,8106
DA:82,8106
DA:88,1008
FN:88,SendEarn.setFee
FNDA:1008,SendEarn.setFee
DA:89,1008
BRDA:89,5,0,-
DA:90,1008
BRDA:90,6,0,-
DA:91,1008
BRDA:91,7,0,-
DA:92,0
DA:96,1008
DA:99,1008
DA:101,1008
DA:105,1003
FN:105,SendEarn.setFeeRecipient
FNDA:1003,SendEarn.setFeeRecipient
DA:106,1003
DA:108,1003
DA:112,2
FN:112,SendEarn.setCollections
FNDA:2,SendEarn.setCollections
DA:113,2
DA:115,2
DA:121,3009
FN:121,SendEarn.collect
FNDA:3009,SendEarn.collect
DA:122,3009
BRDA:122,8,0,-
DA:124,3009
DA:126,3009
DA:128,3009
DA:132,1
FN:132,SendEarn.accrueFee
FNDA:1,SendEarn.accrueFee
DA:133,1009
DA:139,1004
FN:139,SendEarn.decimals
FNDA:1004,SendEarn.decimals
DA:140,1004
DA:145,1
FN:145,SendEarn.maxDeposit
FNDA:1,SendEarn.maxDeposit
DA:146,1
DA:151,1
FN:151,SendEarn.maxMint
FNDA:1,SendEarn.maxMint
DA:152,1
DA:154,1
DA:160,4012
FN:160,SendEarn.maxWithdraw
FNDA:4012,SendEarn.maxWithdraw
DA:161,4012
DA:167,1003
FN:167,SendEarn.maxRedeem
FNDA:1003,SendEarn.maxRedeem
DA:168,1003
DA:170,1003
DA:174,25086
FN:174,SendEarn.deposit
FNDA:25086,SendEarn.deposit
DA:175,25086
DA:179,25086
DA:181,25086
DA:183,25086
DA:187,1003
FN:187,SendEarn.mint
FNDA:1003,SendEarn.mint
DA:188,1003
DA:192,1003
DA:194,1003
DA:196,1003
DA:200,8024
FN:200,SendEarn.withdraw
FNDA:8024,SendEarn.withdraw
DA:201,8024
DA:205,8024
DA:208,8024
DA:210,8024
DA:214,5015
FN:214,SendEarn.redeem
FNDA:5015,SendEarn.redeem
DA:215,5015
DA:219,5015
DA:222,5015
DA:224,5015
DA:228,12038
FN:228,SendEarn.totalAssets
FNDA:12038,SendEarn.totalAssets
DA:230,62208
DA:236,52171
FN:236,SendEarn._decimalsOffset
FNDA:52171,SendEarn._decimalsOffset
DA:237,52171
DA:242,5015
FN:242,SendEarn._maxWithdraw
FNDA:5015,SendEarn._maxWithdraw
DA:247,5015
DA:248,5015
DA:249,5015
DA:251,5015
DA:254,5015
DA:258,2
FN:258,SendEarn._maxDeposit
FNDA:2,SendEarn._maxDeposit
DA:259,2
DA:264,4014
FN:264,SendEarn._convertToShares
FNDA:4014,SendEarn._convertToShares
DA:265,4014
DA:266,4014
DA:271,1004
FN:271,SendEarn._convertToAssets
FNDA:1004,SendEarn._convertToAssets
DA:272,1004
DA:273,1004
DA:278,39130
FN:278,SendEarn._convertToSharesWithTotals
FNDA:39130,SendEarn._convertToSharesWithTotals
DA:284,39130
DA:289,12037
FN:289,SendEarn._convertToAssetsWithTotals
FNDA:12037,SendEarn._convertToAssetsWithTotals
DA:295,12037
DA:300,26089
FN:300,SendEarn._deposit
FNDA:26089,SendEarn._deposit
DA:301,26089
DA:303,26089
DA:306,26089
DA:315,13039
FN:315,SendEarn._withdraw
FNDA:13039,SendEarn._withdraw
DA:319,13039
DA:321,11033
DA:327,40137
FN:327,SendEarn._updateLastTotalAssets
FNDA:40137,SendEarn._updateLastTotalAssets
DA:328,40137
DA:330,40137
DA:335,40137
FN:335,SendEarn._accrueFee
FNDA:40137,SendEarn._accrueFee
DA:336,40137
DA:337,40137
DA:339,40137
BRDA:339,9,0,1003
DA:341,40137
DA:346,50170
FN:346,SendEarn._accruedFeeShares
FNDA:50170,SendEarn._accruedFeeShares
DA:347,50170
DA:348,50170
DA:349,50170
BRDA:349,10,0,1003
DA:351,1003
DA:354,1003
FNF:28
FNH:28
LF:107
LH:105
BRF:11
BRH:4
end_of_record
TN:
SF:src/SendEarnAffiliate.sol
DA:28,6035
FN:28,SendEarnAffiliate.constructor
FNDA:6035,SendEarnAffiliate.constructor
DA:29,6035
BRDA:29,0,0,1
DA:30,6034
BRDA:30,1,0,1
DA:31,6033
BRDA:31,2,0,-
DA:32,6033
DA:33,6033
DA:34,6033
DA:35,6033
DA:36,6033
DA:40,2013
FN:40,SendEarnAffiliate.pay
FNDA:2013,SendEarnAffiliate.pay
DA:41,2013
DA:42,2013
BRDA:42,3,0,1
DA:44,2012
DA:45,2012
BRDA:45,4,0,1
DA:48,2011
DA:51,2011
DA:52,2011
DA:53,2011
DA:56,2011
DA:57,2011
DA:59,2011
DA:63,1008
FN:63,SendEarnAffiliate.setPayVault
FNDA:1008,SendEarnAffiliate.setPayVault
DA:64,1007
BRDA:64,5,0,1
DA:65,1006
BRDA:65,6,0,1
DA:67,1005
DA:68,1005
BRDA:68,7,0,1
DA:70,1004
DA:71,1004
DA:73,1004
DA:74,1004
DA:77,1008
FN:77,SendEarnAffiliate.onlyAffiliate
FNDA:1008,SendEarnAffiliate.onlyAffiliate
DA:78,1008
BRDA:78,8,0,1
FNF:4
FNH:4
LF:32
LH:32
BRF:9
BRH:8
end_of_record
TN:
SF:src/SendEarnFactory.sol
DA:50,21
FN:50,SendEarnFactory.constructor
FNDA:21,SendEarnFactory.constructor
DA:54,20
BRDA:54,0,0,1
DA:55,19
BRDA:55,1,0,-
DA:56,19
BRDA:56,2,0,-
DA:58,19
DA:59,19
DA:60,19
DA:63,19
DA:64,19
DA:65,19
DA:71,1003
FN:71,SendEarnFactory.setFee
FNDA:1003,SendEarnFactory.setFee
DA:72,1003
DA:76,1004
FN:76,SendEarnFactory.setSplit
FNDA:1004,SendEarnFactory.setSplit
DA:77,1004
DA:83,38
FN:83,SendEarnFactory.VAULT
FNDA:38,SendEarnFactory.VAULT
DA:84,14080
DA:88,4035
FN:88,SendEarnFactory.SEND_EARN
FNDA:4035,SendEarnFactory.SEND_EARN
DA:89,4035
DA:93,7021
FN:93,SendEarnFactory.createSendEarn
FNDA:7021,SendEarnFactory.createSendEarn
DA:94,7021
BRDA:94,3,0,6018
BRDA:94,3,1,6018
DA:97,6018
DA:100,6018
DA:101,6018
DA:102,6018
DA:103,6018
DA:106,1003
DA:111,5015
FN:111,SendEarnFactory.setDeposit
FNDA:5015,SendEarnFactory.setDeposit
DA:112,6018
DA:116,1003
FN:116,SendEarnFactory.createSendEarnAndSetDeposit
FNDA:1003,SendEarnFactory.createSendEarnAndSetDeposit
DA:117,1003
BRDA:117,4,0,-
DA:118,1003
DA:119,1003
DA:124,7040
FN:124,SendEarnFactory._createSendEarn
FNDA:7040,SendEarnFactory._createSendEarn
DA:125,7040
DA:141,7040
DA:143,7040
DA:146,1022
FN:146,SendEarnFactory._setFee
FNDA:1022,SendEarnFactory._setFee
DA:147,1022
BRDA:147,5,0,-
DA:148,1022
BRDA:148,6,0,-
DA:149,1022
BRDA:149,7,0,-
DA:152,1022
DA:154,1022
DA:157,1023
FN:157,SendEarnFactory._setSplit
FNDA:1023,SendEarnFactory._setSplit
DA:158,1023
BRDA:158,8,0,-
DA:159,1023
BRDA:159,9,0,1
DA:161,1022
DA:163,1022
DA:166,6018
FN:166,SendEarnFactory._setDeposit
FNDA:6018,SendEarnFactory._setDeposit
DA:167,6018
BRDA:167,10,0,1003
DA:168,5015
BRDA:168,11,0,1003
DA:169,4012
DA:170,4012
FNF:12
FNH:12
LF:52
LH:52
BRF:13
BRH:6
end_of_record
TN:
SF:src/lib/Utils.sol
DA:8,5015
FN:8,Utils.min
FNDA:5015,Utils.min
DA:10,5015
DA:15,71315
FN:15,Utils.zeroFloorSub
FNDA:71315,Utils.zeroFloorSub
DA:17,71315
FNF:2
FNH:2
LF:4
LH:4
BRF:0
BRH:0
end_of_record
TN:
SF:test/helpers/SendEarn.t.sol
DA:17,63
FN:17,SendEarnTest.setUp
FNDA:63,SendEarnTest.setUp
DA:18,63
DA:19,63
DA:31,63
DA:32,63
DA:34,63
DA:35,63
DA:36,63
DA:37,63
DA:39,63
DA:40,63
DA:41,63
DA:42,63
DA:45,5
FN:45,SendEarnTest._setSendEarnFee
FNDA:5,SendEarnTest._setSendEarnFee
DA:46,5
DA:47,5
DA:49,5
DA:50,5
DA:52,5
FNF:2
FNH:2
LF:19
LH:19
BRF:0
BRH:0
end_of_record
TN:
SF:test/mocks/PlatformMock.sol
DA:10,2
FN:10,PlatformMock.platformFunction
FNDA:2,PlatformMock.platformFunction
DA:12,2
FN:12,PlatformMock.ownerFunction
FNDA:2,PlatformMock.ownerFunction
FNF:2
FNH:2
LF:2
LH:2
BRF:0
BRH:0
end_of_record
