TN:
SF:src/SendEarn.sol
DA:63,1028
FN:63,SendEarn.constructor
FNDA:1028,SendEarn.constructor
DA:69,1028
BRDA:69,0,0,-
DA:70,1028
DA:71,1028
DA:73,1028
DA:78,1004
FN:78,SendEarn.setFee
FNDA:1004,SendEarn.setFee
DA:79,1004
BRDA:79,1,0,-
DA:80,1004
BRDA:80,2,0,-
DA:81,1004
BRDA:81,3,0,-
DA:82,0
DA:86,1004
DA:89,1004
DA:91,1004
DA:94,1028
FN:94,SendEarn.setFeeRecipient
FNDA:1028,SendEarn.setFeeRecipient
DA:95,1028
DA:97,1028
DA:101,2
FN:101,SendEarn.setCollections
FNDA:2,SendEarn.setCollections
DA:102,2
DA:104,2
DA:110,3000
FN:110,SendEarn.collect
FNDA:3000,SendEarn.collect
DA:111,3000
BRDA:111,4,0,-
DA:113,3000
DA:115,3000
DA:117,3000
DA:123,1001
FN:123,SendEarn.decimals
FNDA:1001,SendEarn.decimals
DA:124,1001
DA:129,1
FN:129,SendEarn.maxDeposit
FNDA:1,SendEarn.maxDeposit
DA:130,1
DA:135,1
FN:135,SendEarn.maxMint
FNDA:1,SendEarn.maxMint
DA:136,1
DA:138,1
DA:144,4000
FN:144,SendEarn.maxWithdraw
FNDA:4000,SendEarn.maxWithdraw
DA:145,4000
DA:151,1000
FN:151,SendEarn.maxRedeem
FNDA:1000,SendEarn.maxRedeem
DA:152,1000
DA:154,1000
DA:158,23001
FN:158,SendEarn.deposit
FNDA:23001,SendEarn.deposit
DA:159,23001
DA:163,23001
DA:165,23001
DA:167,23001
DA:171,1000
FN:171,SendEarn.mint
FNDA:1000,SendEarn.mint
DA:172,1000
DA:176,1000
DA:178,1000
DA:180,1000
DA:184,8000
FN:184,SendEarn.withdraw
FNDA:8000,SendEarn.withdraw
DA:185,8000
DA:189,8000
DA:192,8000
DA:194,8000
DA:198,5000
FN:198,SendEarn.redeem
FNDA:5000,SendEarn.redeem
DA:199,5000
DA:203,5000
DA:206,5000
DA:208,5000
DA:212,12000
FN:212,SendEarn.totalAssets
FNDA:12000,SendEarn.totalAssets
DA:213,60006
DA:219,50003
FN:219,SendEarn._decimalsOffset
FNDA:50003,SendEarn._decimalsOffset
DA:220,50003
DA:225,5000
FN:225,SendEarn._maxWithdraw
FNDA:5000,SendEarn._maxWithdraw
DA:230,5000
DA:231,5000
DA:232,5000
DA:234,5000
DA:239,5000
DA:243,2
FN:243,SendEarn._maxDeposit
FNDA:2,SendEarn._maxDeposit
DA:244,2
DA:249,4001
FN:249,SendEarn._convertToShares
FNDA:4001,SendEarn._convertToShares
DA:250,4001
DA:251,4001
DA:256,1000
FN:256,SendEarn._convertToAssets
FNDA:1000,SendEarn._convertToAssets
DA:257,1000
DA:258,1000
DA:263,37002
FN:263,SendEarn._convertToSharesWithTotals
FNDA:37002,SendEarn._convertToSharesWithTotals
DA:269,37002
DA:274,12000
FN:274,SendEarn._convertToAssetsWithTotals
FNDA:12000,SendEarn._convertToAssetsWithTotals
DA:280,12000
DA:285,24001
FN:285,SendEarn._deposit
FNDA:24001,SendEarn._deposit
DA:286,24001
DA:288,24001
DA:291,24001
DA:300,13000
FN:300,SendEarn._withdraw
FNDA:13000,SendEarn._withdraw
DA:304,13000
DA:306,11000
DA:312,38005
FN:312,SendEarn._updateLastTotalAssets
FNDA:38005,SendEarn._updateLastTotalAssets
DA:313,38005
DA:315,38005
DA:320,38005
FN:320,SendEarn._accrueFee
FNDA:38005,SendEarn._accrueFee
DA:321,38005
DA:322,38005
DA:324,38005
BRDA:324,5,0,1000
DA:326,38005
DA:331,48006
FN:331,SendEarn._accruedFeeShares
FNDA:48006,SendEarn._accruedFeeShares
DA:332,48006
DA:333,48006
DA:334,48006
BRDA:334,6,0,1000
DA:336,1000
DA:339,1000
DA:345,60006
FN:345,SendEarn._metaMorphoTotalAssets
FNDA:60006,SendEarn._metaMorphoTotalAssets
DA:346,60006
FNF:28
FNH:28
LF:101
LH:100
BRF:7
BRH:2
end_of_record
TN:
SF:src/SendEarnFactory.sol
DA:34,0
FN:34,SendEarnFactory.constructor
FNDA:0,SendEarnFactory.constructor
DA:35,0
BRDA:35,0,0,-
DA:37,0
DA:43,0
FN:43,SendEarnFactory.createSendEarn
FNDA:0,SendEarnFactory.createSendEarn
DA:47,0
DA:49,0
DA:51,0
FNF:2
FNH:0
LF:7
LH:0
BRF:1
BRH:0
end_of_record
TN:
SF:test/helpers/SendEarn.t.sol
DA:16,28
FN:16,SendEarnTest.setUp
FNDA:28,SendEarnTest.setUp
DA:17,28
DA:18,28
DA:26,28
DA:27,28
DA:30,28
DA:32,28
DA:33,28
DA:35,28
DA:36,28
DA:37,28
DA:38,28
DA:40,28
DA:41,28
DA:42,28
DA:43,28
DA:46,4
FN:46,SendEarnTest._setSendEarnFee
FNDA:4,SendEarnTest._setSendEarnFee
DA:47,4
DA:48,4
DA:50,4
DA:51,4
DA:53,4
FNF:2
FNH:2
LF:22
LH:22
BRF:0
BRH:0
end_of_record
